2024-07-14 16:54:25,081 - root - INFO - Namespace(Ks='[20, 40, 60, 80, 100]', aggregation_type='bi-interaction', cf_batch_size=1024, cf_l2loss_lambda=1e-05, cf_print_every=1, conv_dim_list='[64, 32, 16]', data_dir='datasets/', data_name='bookflip', embed_dim=64, evaluate_every=10, kg_batch_size=2048, kg_l2loss_lambda=1e-05, kg_print_every=1, laplacian_type='random-walk', loader_pickle='None', lr=0.0001, mess_dropout='[0.1, 0.1, 0.1]', n_epoch=10, pretrain_embedding_dir='datasets/pretrain/', pretrain_model_path='trained_model/model.pth', relation_dim=64, save_dir='trained_model/KGAT/bookflip/embed-dim64_relation-dim64_random-walk_bi-interaction_64-32-16_lr0.0001_pretrain0/', seed=2024, stopping_steps=10, test_batch_size=10000, use_pretrain=0)
2024-07-14 16:55:04,040 - root - INFO - n_users:           41314
2024-07-14 16:55:04,042 - root - INFO - n_items:           162885
2024-07-14 16:55:04,042 - root - INFO - n_entities:        252665
2024-07-14 16:55:04,042 - root - INFO - n_users_entities:  293979
2024-07-14 16:55:04,042 - root - INFO - n_relations:       22
2024-07-14 16:55:04,043 - root - INFO - n_h_list:          1769888
2024-07-14 16:55:04,043 - root - INFO - n_t_list:          1769888
2024-07-14 16:55:04,043 - root - INFO - n_r_list:          1769888
2024-07-14 16:55:04,043 - root - INFO - n_cf_train:        183608
2024-07-14 16:55:04,043 - root - INFO - n_cf_test:         33105
2024-07-14 16:55:04,043 - root - INFO - n_kg_train:        1769888
2024-07-14 16:55:06,220 - root - INFO - KGAT(
  (entity_user_embed): Embedding(293979, 64)
  (relation_embed): Embedding(22, 64)
  (aggregator_layers): ModuleList(
    (0): Aggregator(
      (message_dropout): Dropout(p=0.1, inplace=False)
      (activation): LeakyReLU(negative_slope=0.01)
      (linear1): Linear(in_features=64, out_features=64, bias=True)
      (linear2): Linear(in_features=64, out_features=64, bias=True)
    )
    (1): Aggregator(
      (message_dropout): Dropout(p=0.1, inplace=False)
      (activation): LeakyReLU(negative_slope=0.01)
      (linear1): Linear(in_features=64, out_features=32, bias=True)
      (linear2): Linear(in_features=64, out_features=32, bias=True)
    )
    (2): Aggregator(
      (message_dropout): Dropout(p=0.1, inplace=False)
      (activation): LeakyReLU(negative_slope=0.01)
      (linear1): Linear(in_features=32, out_features=16, bias=True)
      (linear2): Linear(in_features=32, out_features=16, bias=True)
    )
  )
)
2024-07-14 16:55:22,351 - root - INFO - CF Training: Epoch 0001 Iter 0001 / 0180 | Time 14.8s | Iter Loss 0.6906 | Iter Mean Loss 0.6906
2024-07-14 16:55:37,022 - root - INFO - CF Training: Epoch 0001 Iter 0002 / 0180 | Time 14.7s | Iter Loss 0.6910 | Iter Mean Loss 0.6908
2024-07-14 16:55:44,448 - root - INFO - CF Training: Epoch 0001 Iter 0003 / 0180 | Time 7.4s | Iter Loss 0.6888 | Iter Mean Loss 0.6901
2024-07-14 16:55:54,909 - root - INFO - CF Training: Epoch 0001 Iter 0004 / 0180 | Time 10.5s | Iter Loss 0.6887 | Iter Mean Loss 0.6898
